<?xml version="1.0" encoding="UTF-8"?>
<!-- Generated by org.testng.reporters.JUnitReportReporter -->
<testsuite hostname="LAPTOP-TBINTVVH" failures="0" tests="1" name="testCases.UpdateAProduct" time="2.349" errors="0" timestamp="2021-12-31T03:35:42 EST" skipped="0">
  <testcase classname="testCases.UpdateAProduct" name="update_A_Product" time="2.349"/>
  <system-out/>
</testsuite> <!-- testCases.UpdateAProduct -->
