<?xml version="1.0" encoding="UTF-8"?>
<!-- Generated by org.testng.reporters.JUnitReportReporter -->
<testsuite hostname="LAPTOP-TBINTVVH" failures="0" tests="1" name="testCases.GetOneProduct" time="1.956" errors="0" timestamp="2021-12-31T03:06:10 EST" skipped="0">
  <testcase classname="testCases.GetOneProduct" name="get_A_Product" time="1.956"/>
  <system-out/>
</testsuite> <!-- testCases.GetOneProduct -->
