<?xml version="1.0" encoding="UTF-8"?>
<!-- Generated by org.testng.reporters.JUnitReportReporter -->
<testsuite hostname="LAPTOP-TBINTVVH" failures="0" tests="1" name="testCases.ReadAllProducts" time="2.840" errors="0" timestamp="2021-12-30T22:40:24 EST" skipped="0">
  <testcase classname="testCases.ReadAllProducts" name="read_All_Products" time="2.840"/>
  <system-out/>
</testsuite> <!-- testCases.ReadAllProducts -->
