<?xml version="1.0" encoding="UTF-8"?>
<!-- Generated by org.testng.reporters.JUnitReportReporter -->
<testsuite hostname="LAPTOP-TBINTVVH" failures="0" tests="1" name="testCases.CreateAProduct" time="2.101" errors="0" timestamp="2021-12-31T02:50:27 EST" skipped="0">
  <testcase classname="testCases.CreateAProduct" name="create_A_Product" time="2.101"/>
  <system-out/>
</testsuite> <!-- testCases.CreateAProduct -->
