<?xml version="1.0" encoding="UTF-8"?>
<!-- Generated by org.testng.reporters.JUnitReportReporter -->
<testsuite hostname="LAPTOP-TBINTVVH" failures="0" tests="1" name="testCases.GetOneProduct" time="2.437" errors="0" timestamp="2021-12-30T23:30:38 EST" skipped="0">
  <testcase classname="testCases.GetOneProduct" name="get_A_Product" time="2.437"/>
  <system-out/>
</testsuite> <!-- testCases.GetOneProduct -->
