<?xml version="1.0" encoding="UTF-8"?>
<!-- Generated by org.testng.reporters.JUnitReportReporter -->
<testsuite hostname="LAPTOP-TBINTVVH" failures="0" tests="1" name="testCases.CreateAProduct" time="1.845" errors="0" timestamp="2021-12-31T02:23:32 EST" skipped="0">
  <testcase classname="testCases.CreateAProduct" name="create_A_Product" time="1.845"/>
  <system-out/>
</testsuite> <!-- testCases.CreateAProduct -->
