<?xml version="1.0" encoding="UTF-8"?>
<!-- Generated by org.testng.reporters.JUnitReportReporter -->
<testsuite hostname="LAPTOP-TBINTVVH" failures="0" tests="1" name="testCases.DeleteAProduct" time="2.256" errors="0" timestamp="2021-12-31T03:35:55 EST" skipped="0">
  <testcase classname="testCases.DeleteAProduct" name="delete_A_Product" time="2.256"/>
  <system-out/>
</testsuite> <!-- testCases.DeleteAProduct -->
